<?xml version="1.0" encoding="UTF-8"?>
<testng-results ignored="0" total="1" passed="1" failed="0" skipped="0">
  <reporter-output>
  </reporter-output>
  <suite started-at="2018-12-25T13:52:52Z" name="Suite" finished-at="2018-12-25T13:53:11Z" duration-ms="18892">
    <groups>
    </groups>
    <test started-at="2018-12-25T13:52:52Z" name="Test" finished-at="2018-12-25T13:53:11Z" duration-ms="18892">
      <class name="SampleJenkin">
        <test-method is-config="true" signature="beforeLogin()[pri:0, instance:SampleJenkin@28f3b248]" started-at="2018-12-25T13:52:52Z" name="beforeLogin" finished-at="2018-12-25T13:52:59Z" duration-ms="6974" status="PASS">
          <reporter-output>
          </reporter-output>
        </test-method> <!-- beforeLogin -->
        <test-method signature="login()[pri:0, instance:SampleJenkin@28f3b248]" started-at="2018-12-25T13:52:59Z" name="login" finished-at="2018-12-25T13:53:05Z" duration-ms="6073" status="PASS">
          <reporter-output>
          </reporter-output>
        </test-method> <!-- login -->
        <test-method is-config="true" signature="afterLogin()[pri:0, instance:SampleJenkin@28f3b248]" started-at="2018-12-25T13:53:05Z" name="afterLogin" finished-at="2018-12-25T13:53:11Z" duration-ms="5822" status="PASS">
          <reporter-output>
          </reporter-output>
        </test-method> <!-- afterLogin -->
      </class> <!-- SampleJenkin -->
    </test> <!-- Test -->
  </suite> <!-- Suite -->
</testng-results>
